
ROM used: 2860 (9%)
          2860 (9%) including unused fragments

          1 Average locations per line
          5 Average locations per statement

RAM used: 1228 (60%) at main() level
          1235 (60%) worst case

Stack used: 6 worst case (out of 31 total available)

Lines Stmts  %   Files
----- ----- ---  -----
  522   132  25  ex_modbus_master.c
  392     0   0  C:\Program Files (x86)\PICC\Devices\18f2550.h
 1840   395  75  modbus.c
----- -----
 2754   527 Total

Page ROM  %  RAM   Vol Diff  Functions:
---- --- --- ---   --- ----  ----------
0     42   1   1             @delay_ms1
0     24   0   1             @I2C_WRITE_1
0     70   1   1             @PUTCHAR_1_
0     22   0   0             @GETCH_BIU_2
0    272   5   0             @const129
0    272   5   0             @const131
0     14   0   0   172  2.7  RCV_ON
0     24   0   0   130  2.3  modbus_init
0     18   0   1   121  2.2  modbus_enable_timeout
0     50   1   0   254  5.0  modbus_timeout_now
0     64   1   3   256  3.7  modbus_calc_crc
0    102   2   3   778  6.3  incomming_modbus_serial
0     44   1   3             @DIV88
0    110   2   3   285  4.1  ssp_interupt
0     52   1   2   169  3.1  Lee_Vector
0     36   1   5             @MUL1616
0     46   1   0             @const266
0     32   1   2             @PSTRINGC_68
0     54   1   0             @const268
0     54   1   0             @const269
0     68   1   0             @const270
0     64   1   0             @const271
0     10   0   0             @const273
0      8   0   0             @const274
0      6   0   0             @const279
0     26   0   0             @const280
0     40   1   3             @PSTRINGCN_68
0     10   0   0             @const284
0      8   0   0             @const285
0      6   0   0             @const287
0     26   0   0             @const288
0     22   0   0             @const292
0      8   0   0             @const293
0      6   0   0             @const295
0     26   0   0             @const296
0     20   0   0             @const300
0      8   0   0             @const301
0      6   0   0             @const303
0     26   0   0             @const304
0     24   0   0             @const306
0      8   0   0             @const307
0      6   0   0             @const309
0     26   0   0             @const310
0     28   0   0             @const314
0      8   0   0             @const315
0      6   0   0             @const317
0     26   0   0             @const318
0     26   0   0             @const321
0      8   0   0             @const322
0      6   0   0             @const324
0     26   0   0             @const325
0     30   1   0             @const328
0      8   0   0             @const329
0      6   0   0             @const331
0     26   0   0             @const332
0     26   0   0             @const334
0     14   0   0             @const335
0      6   0   0             @const336
0      6   0   0             @const338
0     26   0   0             @const339
0    362   6   9   859  4.8  MAIN
0     18   0   0             @const349
0     12   0   0             @const350
0     18   0   0             @const351
0    124   2   2             @PRINTF_U_68
0     14   0   0             @const355

Program metrics:
    Functions               9
    Statements              527
    Comments                892
    Volume (V)              4759
    Difficilty (D)          28.4
    Effort to implement (E) 135317
    Time to implement (T)   2 hours, 5 minutes
    Est Delivered Bugs (B)  1
    Cyclomatic Complexity   11
    Maintainability (MI)    86

 Segment     Used  Free
-----------  ----  ----
00000-00002     4  0  
00004-00006     0  4  
00008-000AC   166  0  
000AE-07FFE  2690  29904  



