
ROM used: 16172 (49%)
          16174 (49%) including unused fragments

          4 Average locations per line
          10 Average locations per statement

RAM used: 190 (9%) at main() level
          228 (11%) worst case

Stack used: 8 worst case (out of 31 total available)

Lines Stmts  %   Files
----- ----- ---  -----
 1066  1033  66  CabinaCFLH.c
  451     0   0  C:\Program Files (x86)\PICC\Devices\18F4550.h
 2172   260  17  MATH.h
  172    73   5  LCD420.c
  188   192  12  Funciones.h
----- -----
 4049  1558 Total

Page ROM  %  RAM   Vol Diff  Functions:
---- --- --- ---   --- ----  ----------
0     40   0   1             @delay_ms1
0     26   0   1             @delay_us1
0    826   3  20  1124 10.7  CEIL_FLOOR
0    118   0  10             @FLT
0     56   0   4             @SFTOI
0     54   0   2             @ITOF
0    346   1  14             @DIVFF
0    618   2  16             @ADDFF
0    242   1  11             @MULFF
0     22   0   4    43  2.1  floor
0     30   0   0             @const271
0     38   0   1   134  2.2  lcd_send_nibble
0     66   0   3   287  3.9  lcd_send_byte
0     88   0   2   422  4.7  lcd_init
0     54   0   3   321  5.5  lcd_gotoxy
0     44   0   0             @goto10581
0     94   0   1   439  6.1  lcd_putc
0    132   0   1   709  3.8  VelocidadMotor
0    212   1   3   846  2.9  mensajes
0     20   0   0             @const304
0     32   0   2             @PSTRINGC_293
0     20   0   0             @const306
0     20   0   0             @const307
0     20   0   0             @const308
0     20   0   0             @const309
0     20   0   0             @const310
0     20   0   0             @const311
0     86   0   5   100  2.1  sensores
0    406   1   9   499  7.0  Leer_Sensor_Presion
0      2   0   0     5  1.0  EliminaRuido
0     38   0   0   127  1.3  ConfigInterrupciones
0    102   0   1   318  1.8  MensajeBienvenida
0     22   0   0             @const321
0     22   0   0             @const322
0     22   0   0             @const323
0     22   0   0             @const324
0    478   1   1  1181  2.9  LeeEEPROM
0    880   3   1  2193  4.9  LimitaValores
0    176   1   1  1178  7.3  ext0
0   7918  24   4 49808 12.5  MAIN
0     22   0   0             @const331
0     22   0   0             @const332
0     22   0   0             @const333
0     30   0   3             @PSTRINGCN_293
0     40   0   3             @DIV88
0    208   1   6             @PRINTF_D_293
0     20   0   0             @const344
0     20   0   0             @const345
0     20   0   0             @const346
0     20   0   0             @const347
0     20   0   0             @const350
0     20   0   0             @const351
0     20   0   0             @const352
0     22   0   0             @const354
0     22   0   0             @const357
0     22   0   0             @const358
0     18   0   0             @const359
0    108   0   2             @PRINTF_U_293
0     18   0   0             @const365
0     18   0   0             @const366
0     22   0   0             @const368
0     22   0   0             @const369
0     22   0   0             @const370
0     22   0   0             @const374
0     22   0   0             @const375
0     22   0   0             @const376
0     22   0   0             @const377
0     22   0   0             @const379
0     22   0   0             @const380
0     22   0   0             @const381
0     22   0   0             @const382
0     22   0   0             @const384
0     22   0   0             @const385
0     22   0   0             @const386
0     22   0   0             @const390
0     22   0   0             @const391
0     22   0   0             @const392
0     22   0   0             @const393
0     22   0   0             @const395
0     20   0   0             @const396
0    182   1   9             @PRINTF_LU_293
0     22   0   0             @const399
0     18   0   0             @const401
0     18   0   0             @const402
0     22   0   0             @const405
0     22   0   0             @const406
0     64   0   5             @FTOSD
0    122   0  13             @DIV3232
0    390   1  13             @PRINTF_L32D_293FPFPF
0     14   0   0             @const415
0     14   0   0             @const416
0     22   0   0             @const419
0     22   0   0             @const420
0     22   0   0             @const421
0     22   0   0             @const422
0     22   0   0             @const423
0     22   0   0             @const424
0     22   0   0             @const425
0     22   0   0             @const426
0     22   0   0             @const428
0     22   0   0             @const429
0     20   0   0             @const430
0     22   0   0             @const431
0     22   0   0             @const433
0     22   0   0             @const434
0     22   0   0             @const435
0     22   0   0             @const436
0     22   0   0             @const438
0     16   0   0             @const441
0     22   0   0             @const443
0     22   0   0             @const444
0     22   0   0             @const445
0     22   0   0             @const446
0      8   0   0             @const448
0     10   0   0             @const449
0     10   0   0             @const450
0      8   0   0             @const451
0      8   0   0             @const452
0      8   0   0             @const453
0      8   0   0             @const454

Program metrics:
    Functions               18
    Statements              1558
    Comments                595
    Volume (V)              71059
    Difficilty (D)          80.9
    Effort to implement (E) 5749254
    Time to implement (T)   88 hours, 43 minutes
    Est Delivered Bugs (B)  11
    Cyclomatic Complexity   215
    Maintainability (MI)    78

 Segment     Used  Free
-----------  ----  ----
00000-00002     4  0  
00004-00006     2  2  
00008-00094   142  0  
00096-07FFE  16024  16594  



