
ROM used: 13560 (41%)
          13560 (41%) including unused fragments

          4 Average locations per line
          11 Average locations per statement

RAM used: 173 (8%) at main() level
          210 (10%) worst case

Stack used: 7 worst case (out of 31 total available)

Lines Stmts  %   Files
----- ----- ---  -----
  937   888  73  MFL120.c
  451     0   0  ..\..\..\..\Program Files (x86)\PICC\Devices\18F4550.h
  172    73   6  LCD420.c
 2172   260  21  MATH.h
----- -----
 3732  1221 Total

Page ROM  %  RAM   Vol Diff  Functions:
---- --- --- ---   --- ----  ----------
0     40   0   1             @delay_ms1
0     30   0   0             @const73
0     40   0   1   134  2.2  lcd_send_nibble
0     66   0   3   287  3.9  lcd_send_byte
0     86   0   2   422  4.7  lcd_init
0     54   0   3   321  5.5  lcd_gotoxy
0     44   0   0             @goto10101
0     94   0   1   439  6.1  lcd_putc
0    818   3  20  1124 10.7  CEIL_FLOOR
0    118   0  10             @FLT
0     56   0   4             @SFTOI
0     54   0   2             @ITOF
0    346   1  14             @DIVFF
0    618   2  16             @ADDFF
0    242   1  11             @MULFF
0     22   0   4    43  2.1  floor
0    108   0   1   756  6.2  temp1s
0    158   1   3   715  2.8  mensajes
0     20   0   0             @const293
0     32   0   2             @PSTRINGC_95
0     20   0   0             @const295
0     20   0   0             @const296
0     20   0   0             @const297
0     20   0   0             @const298
0     20   0   0             @const299
0     16   0   1   102  2.9  velocidades
0     82   0   5   100  2.1  sensores
0    406   1   9   499  7.0  Leer_Sensor_Presion
0     36   0   0   280  3.2  Limita
0   7256  27   4 39616 13.0  MAIN
0     22   0   0             @const311
0     22   0   0             @const312
0     22   0   0             @const313
0     22   0   0             @const314
0     22   0   0             @const316
0     22   0   0             @const317
0     22   0   0             @const318
0     30   0   3             @PSTRINGCN_95
0     40   0   3             @DIV88
0    200   1   6             @PRINTF_D_95
0     20   0   0             @const329
0     20   0   0             @const330
0     20   0   0             @const331
0     20   0   0             @const332
0     20   0   0             @const335
0     20   0   0             @const336
0     20   0   0             @const337
0     22   0   0             @const339
0     22   0   0             @const342
0     22   0   0             @const343
0     18   0   0             @const344
0    102   0   2             @PRINTF_U_95
0     18   0   0             @const350
0     18   0   0             @const351
0     22   0   0             @const353
0     22   0   0             @const354
0     22   0   0             @const355
0     22   0   0             @const358
0     22   0   0             @const359
0     22   0   0             @const360
0     22   0   0             @const361
0     22   0   0             @const363
0     22   0   0             @const364
0     22   0   0             @const365
0     22   0   0             @const366
0     22   0   0             @const368
0     22   0   0             @const369
0     22   0   0             @const370
0     22   0   0             @const373
0     22   0   0             @const374
0     22   0   0             @const375
0     22   0   0             @const376
0     22   0   0             @const377
0     20   0   0             @const378
0    180   1   9             @PRINTF_LU_95
0     22   0   0             @const381
0     18   0   0             @const383
0     18   0   0             @const384
0     22   0   0             @const387
0     22   0   0             @const388
0     64   0   5             @FTOSD
0    122   0  13             @DIV3232
0    390   1  13             @PRINTF_L32D_95FPFPF
0     14   0   0             @const397
0     14   0   0             @const398
0     22   0   0             @const401
0     22   0   0             @const402
0     22   0   0             @const403
0     22   0   0             @const404
0     22   0   0             @const405
0     22   0   0             @const406
0     22   0   0             @const407
0     22   0   0             @const408
0     22   0   0             @const411
0     22   0   0             @const412
0     22   0   0             @const413
0     22   0   0             @const414
0     22   0   0             @const416
0      8   0   0             @const417
0     16   0   0             @const420
0     10   0   0             @const421
0     10   0   0             @const422
0      8   0   0             @const423
0      8   0   0             @const424
0      8   0   0             @const425
0      8   0   0             @const426

Program metrics:
    Functions               14
    Statements              1221
    Comments                534
    Volume (V)              51635
    Difficilty (D)          71.0
    Effort to implement (E) 3663734
    Time to implement (T)   56 hours, 32 minutes
    Est Delivered Bugs (B)  8
    Cyclomatic Complexity   161
    Maintainability (MI)    46

 Segment     Used  Free
-----------  ----  ----
00000-00002     4  0  
00004-00006     0  4  
00008-00094   142  0  
00096-07FFE  13414  19204  



