
ROM used: 2880 (9%)
          2880 (9%) including unused fragments

          1 Average locations per line
          6 Average locations per statement

RAM used: 1067 (52%) at main() level
          1086 (53%) worst case

Stack used: 9 worst case (out of 31 total available)

Lines Stmts  %   Files
----- ----- ---  -----
  466   105  21  ex_modbus_master.c
  392     0   0  C:\Program Files (x86)\PICC\Devices\18f2550.h
 1840   395  79  modbus.c
----- -----
 2698   500 Total

Page ROM  %  RAM   Vol Diff  Functions:
---- --- --- ---   --- ----  ----------
0     42   1   1             @delay_ms1
0     32   1   1             @delay_us1
0     70   1   1             @PUTCHAR_1_
0     10   0   0             @PUTCHARI_BIU_2
0     22   0   0             @GETCH_BIU_2
0    290   5   0             @const126
0    290   5   0             @const128
0     12   0   0   172  2.7  RCV_ON
0     24   0   0   130  2.3  modbus_init
0     18   0   1   121  2.2  modbus_enable_timeout
0     50   1   0   254  5.0  modbus_timeout_now
0     62   1   3   256  3.7  modbus_calc_crc
0     38   1   1   125  2.6  modbus_serial_putc
0    102   2   3   778  6.3  incomming_modbus_serial
0     52   1   3   274  4.3  modbus_serial_send_start
0     62   1   3   432  5.7  modbus_serial_send_stop
0     34   1   0   225  5.4  modbus_kbhit
0    152   3   6   504  5.7  modbus_write_single_register
0     46   1   0   463  4.3  @const246
0     32   1   2   134  2.2  @PSTRINGC_65
0     54   1   0   287  3.9  @const248
0     54   1   0   422  4.7  @const249
0     68   1   0   321  5.5  @const250
0     64   1   0   321  5.5  @const251
0     10   0   0   176  3.1  @const253
0      8   0   0   464  3.8  @const254
0     70   1   2   141  1.8  @PRINTF_X_65
0      6   0   0             @const259
0     26   0   0             @const260
0     40   1   3             @PSTRINGCN_65
0     10   0   0             @const264
0      8   0   0   392  5.9  @const265
0      6   0   0             @const267
0     26   0   0             @const268
0     22   0   0             @const272
0      8   0   0             @const273
0      6   0   0   392  5.9  @const275
0     26   0   0   392  5.9  @const276
0     20   0   0             @const280
0      8   0   0             @const281
0      6   0   0   509  6.2  @const283
0     26   0   0   509  6.2  @const284
0     24   0   0             @const286
0      8   0   0             @const287
0      6   0   0   467  6.2  @const289
0     26   0   0   467  6.2  @const290
0    180   3   5   509  6.2  write_reg
0     28   0   0             @const294
0      8   0   0             @const295
0      6   0   0   392  5.9  @const297
0     26   0   0   392  5.9  @const298
0     26   0   0             @const301
0      8   0   0             @const302
0      6   0   0   509  6.2  @const304
0     26   0   0   509  6.2  @const305
0     30   1   0             @const308
0      8   0   0             @const309
0      6   0   0   459  6.0  @const311
0     26   0   0   459  6.0  @const312
0     26   0   0             @const314
0     14   0   0             @const315
0      6   0   0             @const316
0      6   0   0   473  6.0  @const318
0     26   0   0             @const319
0    154   3   7   455  3.3  MAIN
0     18   0   0             @const329
0     12   0   0             @const330

Program metrics:
    Functions               36
    Statements              500
    Comments                873
    Volume (V)              25657
    Difficilty (D)          170.4
    Effort to implement (E) 4372714
    Time to implement (T)   67 hours, 29 minutes
    Est Delivered Bugs (B)  9
    Cyclomatic Complexity   51
    Maintainability (MI)    143

 Segment     Used  Free
-----------  ----  ----
00000-00002     4  0  
00004-00006     0  4  
00008-000A0   154  0  
000A2-07FFE  2722  29884  



