
ROM used: 61904 (63%)
          61904 (63%) including unused fragments

          8 Average locations per line
          16 Average locations per statement

RAM used: 1645 (49%) at main() level
          1728 (52%) worst case

Stack used: 8 worst case (out of 31 total available)

Lines Stmts  %   Files
----- ----- ---  -----
 2450  2358  63  GLCD_Controller.c
  461     0   0  C:\Program Files (x86)\PICC\Devices\18F4685.h
 2172   260   7  MATH.h
   37     0   0  stdio.h
  409     0   0  string.h
   28     0   0  stddef.h
   28     0   0  ctype.h
 1273   359  10  stdlib.h
  143    53   1  DS1302.c
    6     4   0  FuncionesDisplay.h
  860   735  20  Funciones.h
----- -----
 7867  3769 Total

Page ROM  %  RAM   Vol Diff  Functions:
---- --- --- ---   --- ----  ----------
0     40   0   1             @delay_ms1
0      8   0   0             @PUTCHARI_BIU_1
0     24   0   0             @GETCH_BIU_1
0    106   0   3             @I2C_READ_1
0    118   0   1             @I2C_WRITE_1
0    886   1  20  1124 10.7  CEIL_FLOOR
0    122   0  10             @FLT
0     60   0   4             @SFTOI
0     54   0   2             @ITOF
0    350   0  14             @DIVFF
0    632   1  16             @ADDFF
0    246   0  11             @MULFF
0     28   0   4    43  2.1  floor
0     30   0   4    44  1.9  ceil
0    360   0  16   257  7.2  fmod
0   1034   1  22  1071  8.0  exp
0     80   0   2             @SITOF
0   1248   1  25  1228  9.9  log
0    780   1  12   556  7.5  pow
0     78   0   2             @MUL88
0     84   0   6             @MULS1616
0     72   0   5             @DIV1616
0     40   0   2   199  4.3  write_ds1302_byte
0     22   0   2    94  1.8  write_ds1302
0     86   0   3   401  4.9  read_ds1302
0     82   0   2   247  3.7  rtc_init
0     50   0   4   160  5.0  get_bcd
0     44   0   3             @DIV88
0     50   0   3   160  4.2  rm_bcd
0    188   0   7   402  2.2  rtc_set_datetime
 Inline        5   238  3.1  rtc_get_date
 Inline        4   170  3.0  rtc_get_time
0     62   0   3   136  0.8  sensores
0     90   0   3   100  1.8  Envio_I2C
 Inline        4   188  3.5  Lectura_I2C
0     44   0   0   357  2.4  Carga_Vector
0      4   0   0     5  1.0  Lee_Vector
0     60   0   1   153  3.9  Envio_Esclavos
0    536   0   2   510  6.0  Lectura_Esclavos
0     28   0   0   117  1.7  readHolding
0     24   0   4   172  2.4  writeCommand
0     54   0   0   134  1.3  SendDataDisplay
0     84   0   3   111  3.8  esBisiesto
0    136   0   1   750  4.8  LimitaDia
0    398   0   0  3379  5.9  LeeDisplay
0   2676   2  20  1679  9.3  LeerFlujo
0     34   0   5             @MUL1616
0   1724   1  10  1161  8.8  Leer_Sensor_Presion
0    478   0  21   534  7.5  leeTemperatura
0   3690   3   4  5643  4.5  LeeEEPROM
0   3920   3   0  8990  6.5  LimitaValores
0     26   0   0   174  1.8  ApagaSalidas
0   1360   1   4  1357  6.5  dibujaBarraDn
0     10   0   0             @const773
0     50   0   4             @PSTRINGCN_9600_31766_31767
0    126   0   2             @PRINTF_U_9600_31766_31767
0     10   0   0             @const779
0     42   0   3             @PSTRINGC_9600_31766_31767
0     10   0   0             @const781
0     10   0   0             @const782
0     10   0   0             @const783
0     12   0   0             @const784
0     10   0   0             @const785
0     10   0   0             @const786
0     10   0   0             @const787
0     12   0   0             @const788
0     12   0   0             @const789
0     10   0   0             @const790
0     10   0   0             @const791
0     12   0   0             @const792
0     12   0   0             @const793
0     12   0   0             @const794
0   1360   1   4  1357  6.5  dibujaBarraIn
0     10   0   0             @const796
0     10   0   0             @const797
0     10   0   0             @const798
0     10   0   0             @const799
0     10   0   0             @const800
0     12   0   0             @const801
0     10   0   0             @const802
0     10   0   0             @const803
0     10   0   0             @const804
0     12   0   0             @const805
0     12   0   0             @const806
0     10   0   0             @const807
0     10   0   0             @const808
0     12   0   0             @const809
0     12   0   0             @const810
0     12   0   0             @const811
0    382   0   2   464  1.9  cambiaColor
0     18   0   0             @const814
0    170   0   9             @PRINTF_LU_9600_31766_31767
0     14   0   0             @const817
0     16   0   0             @const818
0     12   0   0             @const819
0     14   0   0             @const820
0     12   0   0             @const821
0     12   0   0             @const822
0     14   0   0             @const823
0     12   0   0             @const824
0   2506   2  20  1205  4.3  calculaDensidad
0     50   0   0   193  2.7  LeerBotones
0    392   0   9  1472  7.2  VelocidadMotor
0    200   0   1  1094  6.3  temp1s
0     94   0   2   552  5.2  serial_rx_isr
0  28242  23   4134725 15.6  MAIN
0     16   0   0             @const834
0     12   0   0             @const835
0     10   0   0             @const836
0     14   0   0             @const837
0     12   0   0             @const838
0     10   0   0             @const839
0     14   0   0             @const840
0     10   0   0             @const841
0     16   0   0             @const842
0     10   0   0             @const843
0     18   0   0             @const844
0     10   0   0             @const845
0     10   0   0             @const846
0     10   0   0             @const847
0     20   0   0             @const848
0     14   0   0             @const849
0     12   0   0             @const850
0     14   0   0             @const851
0     12   0   0             @const852
0     26   0   0             @const853
0     14   0   0             @const854
0     26   0   0             @const855
0     14   0   0             @const856
0     26   0   0             @const857
0     10   0   0             @const858
0     26   0   0             @const859
0     10   0   0             @const860
0     28   0   0             @const861
0     10   0   0             @const862
0     32   0   0             @const863
0     10   0   0             @const864
0     20   0   0             @const865
0     14   0   0             @const866
0     12   0   0             @const867
0     14   0   0             @const868
0     12   0   0             @const869
0     26   0   0             @const870
0     14   0   0             @const871
0     26   0   0             @const872
0     14   0   0             @const873
0     14   0   0             @const874
0     70   0   0             @const875
0     12   0   0             @const876
0     12   0   0             @const877
0     12   0   0             @const878
0     12   0   0             @const879
0     12   0   0             @const880
0     12   0   0             @const881
0     12   0   0             @const882
0     12   0   0             @const883
0     12   0   0             @const884
0     12   0   0             @const885
0     12   0   0             @const886
0     12   0   0             @const887
0     12   0   0             @const888
0     18   0   0             @const889
0     12   0   0             @const890
0     12   0   0             @const891
0     12   0   0             @const892
0     12   0   0             @const893
0     12   0   0             @const894
0     12   0   0             @const895
0     14   0   0             @const896
0     12   0   0             @const897
0     12   0   0             @const898
0     12   0   0             @const899
0     12   0   0             @const900
0     12   0   0             @const901
0     12   0   0             @const902
0     18   0   0             @const903
0     12   0   0             @const904
0     12   0   0             @const905
0     12   0   0             @const906
0     12   0   0             @const907
0     12   0   0             @const908
0     12   0   0             @const909
0     10   0   0             @const910
0     12   0   0             @const911
0     12   0   0             @const912
0     12   0   0             @const913
0     12   0   0             @const914
0     12   0   0             @const915
0     12   0   0             @const916
0     12   0   0             @const917
0     12   0   0             @const918
0     12   0   0             @const919
0     12   0   0             @const920
0     12   0   0             @const921
0     12   0   0             @const922
0     12   0   0             @const923
0     12   0   0             @const924
0     18   0   0             @const925
0     14   0   0             @const926
0     18   0   0             @const927
0     10   0   0             @const928
0     12   0   0             @const929
0     12   0   0             @const930
0     12   0   0             @const931
0     16   0   0             @const932
0     16   0   0             @const933
0     70   0   0             @const934
0     18   0   0             @const935
0     14   0   0             @const936
0     14   0   0             @const937
0     18   0   0             @const938
0     14   0   0             @const939
0     20   0   0             @const940
0     20   0   0             @const941
0     70   0   0             @const942
0     18   0   0             @const943
0     14   0   0             @const944
0     14   0   0             @const945
0     18   0   0             @const946
0     14   0   0             @const947
0     20   0   0             @const948
0     20   0   0             @const949
0     20   0   0             @const950
0     20   0   0             @const951
0     20   0   0             @const952
0     70   0   0             @const953
0     16   0   0             @const954
0     16   0   0             @const955
0     70   0   0             @const956
0     48   0   0             @const957
0     68   0   5             @FTOSD
0    128   0  13             @DIV3232
0    420   0  13             @PRINTF_L32D_9600_31766_31767FPFPF
0     40   0   0             @const966
0     20   0   0             @const967
0     18   0   0             @const968
0     10   0   0             @const969
0     10   0   0             @const970
0     10   0   0             @const971
0     10   0   0             @const972
0     32   0   0             @const973
0     12   0   0             @const974
0     38   0   0             @const975
0     12   0   0             @const976
0     32   0   0             @const977
0     12   0   0             @const978
0     30   0   0             @const979
0     12   0   0             @const980
0     10   0   0             @const981
0     10   0   0             @const982
0     10   0   0             @const983
0     10   0   0             @const984
0     16   0   0             @const985
0     14   0   0             @const986
0     14   0   0             @const987
0     16   0   0             @const988
0     20   0   0             @const989
0     20   0   0             @const990
0     70   0   0             @const991
0     16   0   0             @const992
0     10   0   0             @const993
0     14   0   0             @const994
0     12   0   0             @const995
0     12   0   0             @const996
0     12   0   0             @const997
0     16   0   0             @const998
0     12   0   0             @const999
0     14   0   0             @const1000
0     12   0   0             @const1001
0     12   0   0             @const1002
0     16   0   0             @const1003
0     12   0   0             @const1004
0     12   0   0             @const1005
0     16   0   0             @const1006
0     12   0   0             @const1007
0     16   0   0             @const1008
0     12   0   0             @const1009
0     12   0   0             @const1010
0     12   0   0             @const1011
0     16   0   0             @const1012
0     16   0   0             @const1013
0     12   0   0             @const1014
0     12   0   0             @const1015
0     12   0   0             @const1016
0     12   0   0             @const1017
0     18   0   0             @const1018
0     14   0   0             @const1019
0     18   0   0             @const1020
0     20   0   0             @const1021
0     16   0   0             @const1022
0     16   0   0             @const1023
0     18   0   0             @const1024
0     16   0   0             @const1025
0     16   0   0             @const1026
0     70   0   0             @const1027
0     18   0   0             @const1028
0     14   0   0             @const1029
0     14   0   0             @const1030
0     18   0   0             @const1031
0     14   0   0             @const1032
0     20   0   0             @const1033
0     20   0   0             @const1034
0     30   0   0             @const1035
0     30   0   0             @const1036
0     32   0   0             @const1037
0     32   0   0             @const1038
0     34   0   0             @const1039
0     36   0   0             @const1040
0     36   0   0             @const1041
0     40   0   0             @const1042
0     26   0   0             @const1043
0     34   0   0             @const1044
0     14   0   0             @const1045
0     14   0   0             @const1046
0     14   0   0             @const1047
0     12   0   0             @const1048
0     12   0   0             @const1049
0     28   0   0             @const1050
0     14   0   0             @const1051
0     30   0   0             @const1052
0     16   0   0             @const1053
0     30   0   0             @const1054
0     16   0   0             @const1055
0     32   0   0             @const1056
0     16   0   0             @const1057
0     32   0   0             @const1058
0     16   0   0             @const1059
0     32   0   0             @const1060
0     16   0   0             @const1061
0     30   0   0             @const1062
0     16   0   0             @const1063
0     34   0   0             @const1064
0     16   0   0             @const1065
0     32   0   0             @const1066
0     16   0   0             @const1067
0     30   0   0             @const1068
0     14   0   0             @const1069
0     32   0   0             @const1070
0     16   0   0             @const1071
0     36   0   0             @const1072
0     16   0   0             @const1073
0     34   0   0             @const1074
0     16   0   0             @const1075
0     32   0   0             @const1076
0     16   0   0             @const1077
0     26   0   0             @const1078
0     16   0   0             @const1079
0     14   0   0             @const1080
0     54   0   0             @const1081

Program metrics:
    Functions               44
    Statements              3769
    Comments                1283
    Volume (V)              214393
    Difficilty (D)          209.5
    Effort to implement (E) 44907563
    Time to implement (T)   693 hours, 1 minutes
    Est Delivered Bugs (B)  42
    Cyclomatic Complexity   501
    Maintainability (MI)    96

 Segment     Used  Free
-----------  ----  ----
00000-00002     4  0  
00004-00006     4  0  
00008-00142   316  0  
00144-0FFFE  61580  3632  
10000-17FFE     0  32768  



