
ROM used: 3678 (11%)
          3678 (11%) including unused fragments

          1 Average locations per line
          7 Average locations per statement

RAM used: 1221 (60%) at main() level
          1238 (60%) worst case

Stack used: 9 worst case (out of 31 total available)

Lines Stmts  %   Files
----- ----- ---  -----
  288   133  25  RS485_I2C.c
  392     0   0  C:\Program Files (x86)\PICC\Devices\18F2550.h
 1840   395  75  modbus.c
----- -----
 2520   528 Total

Page ROM  %  RAM   Vol Diff  Functions:
---- --- --- ---   --- ----  ----------
0     24   0   1             @I2C_WRITE_1
0     68   1   1             @PUTCHAR_1_
0     10   0   0             @PUTCHARI_BIU_2
0     22   0   0             @GETCH_BIU_2
0    290   4   0             @const128
0    290   4   0             @const130
0     12   0   0   172  2.7  RCV_ON
0     24   0   0   130  2.3  modbus_init
0     18   0   1   121  2.2  modbus_enable_timeout
0     50   1   0   254  5.0  modbus_timeout_now
0     62   1   3   256  3.7  modbus_calc_crc
0     38   1   1   125  2.6  modbus_serial_putc
0    102   1   3   778  6.3  incomming_modbus_serial
0     36   0   2   274  4.3  modbus_serial_send_start
0     46   1   2   432  5.7  modbus_serial_send_stop
0     32   0   0   225  5.4  modbus_kbhit
0    150   2   6   504  5.7  modbus_read_holding_registers
0    150   2   6   504  5.7  modbus_write_single_register
0     44   1   3             @DIV88
0    110   1   3   255  3.6  ssp_interupt
0     52   1   2   169  3.1  Lee_Vector
0     36   0   5             @MUL1616
0     46   1   0             @const265
0     32   0   2             @PSTRINGC_67
0     54   1   0             @const267
0     54   1   0             @const268
0     68   1   0             @const269
0     64   1   0             @const270
0     10   0   0             @const272
0      8   0   0             @const273
0     70   1   2             @PRINTF_X_67
0      6   0   0             @const278
0     26   0   0             @const279
0     40   1   3             @PSTRINGCN_67
0     10   0   0             @const283
0      8   0   0             @const284
0      6   0   0             @const286
0     26   0   0             @const287
0    220   3   5   576  6.2  read_all_holding
0     22   0   0             @const291
0      8   0   0             @const292
0      6   0   0             @const294
0     26   0   0             @const295
0     20   0   0             @const299
0      8   0   0             @const300
0      6   0   0             @const302
0     26   0   0             @const303
0     24   0   0             @const305
0      8   0   0             @const306
0      6   0   0             @const308
0     26   0   0             @const309
0    176   2   5   467  6.2  write_reg
0     28   0   0             @const313
0      8   0   0             @const314
0      6   0   0             @const316
0     26   0   0             @const317
0     26   0   0             @const320
0      8   0   0             @const321
0      6   0   0             @const323
0     26   0   0             @const324
0     30   0   0             @const327
0      8   0   0             @const328
0      6   0   0             @const330
0     26   0   0             @const331
0     26   0   0             @const333
0     14   0   0             @const334
0      6   0   0             @const335
0      6   0   0             @const337
0     26   0   0             @const338
0    278   4   2   600  5.6  MAIN
0     18   0   0             @const341
0     12   0   0             @const342
0     16   0   0             @const343
0    126   2   2             @PRINTF_U_67

Program metrics:
    Functions               17
    Statements              528
    Comments                553
    Volume (V)              10191
    Difficilty (D)          69.0
    Effort to implement (E) 703272
    Time to implement (T)   10 hours, 51 minutes
    Est Delivered Bugs (B)  3
    Cyclomatic Complexity   24
    Maintainability (MI)    110

 Segment     Used  Free
-----------  ----  ----
00000-00002     4  0  
00004-00006     0  4  
00008-000AC   166  0  
000AE-07FFE  3508  29086  



