
ROM used: 56270 (57%)
          56270 (57%) including unused fragments

          7 Average locations per line
          16 Average locations per statement

RAM used: 1885 (57%) at main() level
          1968 (59%) worst case

Stack used: 8 worst case (out of 31 total available)

Lines Stmts  %   Files
----- ----- ---  -----
 2220  1970  56  GLCD_Controller.c
  461     0   0  C:\Program Files (x86)\PICC\Devices\18F4685.h
 2172   260   7  MATH.h
   37     0   0  stdio.h
  409     0   0  string.h
   28     0   0  stddef.h
   28     0   0  ctype.h
 1273   359  10  stdlib.h
  143    53   2  DS1302.c
    6     4   0  FuncionesDisplay.h
 1091   852  24  Funciones.h
----- -----
 7868  3498 Total

Page ROM  %  RAM   Vol Diff  Functions:
---- --- --- ---   --- ----  ----------
0     40   0   1             @delay_ms1
0      8   0   0             @PUTCHARI_BIU_1
0     24   0   0             @GETCH_BIU_1
0    878   1  20  1124 10.7  CEIL_FLOOR
0    122   0  10             @FLT
0     60   0   4             @SFTOI
0     54   0   2             @ITOF
0    350   0  14             @DIVFF
0    632   1  16             @ADDFF
0    246   0  11             @MULFF
0     28   0   4    43  2.1  floor
0     30   0   4    44  1.9  ceil
0    360   0  16   257  7.2  fmod
0   1034   1  22  1071  8.0  exp
0     80   0   2             @SITOF
0   1248   1  25  1228  9.9  log
0    780   1  12   556  7.5  pow
0     78   0   2             @MUL88
0     84   0   6             @MULS1616
0     72   0   5             @DIV1616
0     40   0   2   199  4.3  write_ds1302_byte
0     22   0   2    94  1.8  write_ds1302
0     86   0   3   401  4.9  read_ds1302
0     82   0   2   247  3.7  rtc_init
0     48   0   4   160  5.0  get_bcd
0     44   0   3             @DIV88
0     50   0   3   160  4.2  rm_bcd
0    188   0   7   402  2.2  rtc_set_datetime
 Inline        5   238  3.1  rtc_get_date
 Inline        4   170  3.0  rtc_get_time
0     62   0   3   136  0.8  sensores
0     54   0   0   134  1.3  SendDataDisplay
0     82   0   3   111  3.8  esBisiesto
0    138   0   1   750  4.8  LimitaDia
0    420   0   0  3576  5.9  LeeDisplay
0   2676   2  20  1679  9.3  LeerFlujo
0     34   0   5             @MUL1616
0   1826   2  10  1209  8.8  Leer_Sensor_Presion
0    478   0  21   534  7.5  leeTemperatura
0   3578   3   4  5623  4.5  LeeEEPROM
0   3858   3   0  9029  6.5  LimitaValores
0     30   0   0   209  1.8  ApagaSalidas
0   1360   1   4  1357  6.5  dibujaBarraDn
0     10   0   0             @const770
0     50   0   4             @PSTRINGCN_9600_31766_31767
0    126   0   2             @PRINTF_U_9600_31766_31767
0     10   0   0             @const776
0     42   0   3             @PSTRINGC_9600_31766_31767
0     10   0   0             @const778
0     10   0   0             @const779
0     10   0   0             @const780
0     12   0   0             @const781
0     10   0   0             @const782
0     10   0   0             @const783
0     10   0   0             @const784
0     12   0   0             @const785
0     12   0   0             @const786
0     10   0   0             @const787
0     10   0   0             @const788
0     12   0   0             @const789
0     12   0   0             @const790
0     12   0   0             @const791
0   1360   1   4  1357  6.5  dibujaBarraIn
0     10   0   0             @const793
0     10   0   0             @const794
0     10   0   0             @const795
0     10   0   0             @const796
0     10   0   0             @const797
0     12   0   0             @const798
0     10   0   0             @const799
0     10   0   0             @const800
0     10   0   0             @const801
0     12   0   0             @const802
0     12   0   0             @const803
0     10   0   0             @const804
0     10   0   0             @const805
0     12   0   0             @const806
0     12   0   0             @const807
0     12   0   0             @const808
0     14   0   0             @const811
0    170   0   9             @PRINTF_LU_9600_31766_31767
0     16   0   0             @const814
0     12   0   0             @const815
0     14   0   0             @const816
0     18   0   0             @const817
0     16   0   0             @const818
0     12   0   0             @const819
0   2506   2  20  1205  4.3  calculaDensidad
0     70   0   0   193  2.7  LeerBotones
0    230   0   4   562  6.2  guardaHora
0    418   0   0  4157  3.5  leeTeclasLaterales
0     16   0   0             @const824
0     20   0   0             @const825
0     12   0   0             @const826
0     14   0   0             @const827
0     10   0   0             @const828
0     12   0   0             @const829
0    932   1   1  2056  4.4  leeEstados
0     10   0   0             @const831
0     10   0   0             @const832
0     10   0   0             @const833
0     10   0   0             @const834
0     10   0   0             @const835
0     10   0   0             @const836
0     10   0   0             @const837
0     10   0   0             @const838
0    430   0   0  3451  4.5  ext0
0     58   0   0   284  4.6  temp0s
0    224   0   1  1321  6.3  temp1s
0     94   0   2   552  5.2  serial_rx_isr
0  22802  20   4101556 17.6  MAIN
0     10   0   0             @const845
0     12   0   0             @const846
0     10   0   0             @const847
0     16   0   0             @const848
0     26   0   0             @const849
0     10   0   0             @const850
0     26   0   0             @const851
0     10   0   0             @const852
0     28   0   0             @const853
0     10   0   0             @const854
0     32   0   0             @const855
0     10   0   0             @const856
0     20   0   0             @const857
0     14   0   0             @const858
0     12   0   0             @const859
0     16   0   0             @const860
0     12   0   0             @const861
0     26   0   0             @const862
0     16   0   0             @const863
0     26   0   0             @const864
0     16   0   0             @const865
0     14   0   0             @const866
0     70   0   0             @const867
0     18   0   0             @const868
0     18   0   0             @const869
0     14   0   0             @const870
0     20   0   0             @const871
0     70   0   0             @const872
0     14   0   0             @const873
0     20   0   0             @const874
0     20   0   0             @const875
0     70   0   0             @const876
0     14   0   0             @const877
0     20   0   0             @const878
0     20   0   0             @const879
0     20   0   0             @const880
0     20   0   0             @const881
0     20   0   0             @const882
0     70   0   0             @const883
0     16   0   0             @const884
0     16   0   0             @const885
0     32   0   0             @const886
0     28   0   0             @const887
0     68   0   5             @FTOSD
0    128   0  13             @DIV3232
0    420   0  13             @PRINTF_L32D_9600_31766_31767FPFPF
0     70   0   0             @const896
0     18   0   0             @const897
0     18   0   0             @const898
0     10   0   0             @const899
0     10   0   0             @const900
0     24   0   0             @const901
0     12   0   0             @const902
0     14   0   0             @const903
0     14   0   0             @const904
0     14   0   0             @const905
0     14   0   0             @const906
0     14   0   0             @const907
0     12   0   0             @const908
0     42   0   0             @const909
0     14   0   0             @const910
0     14   0   0             @const911
0     40   0   0             @const912
0     12   0   0             @const913
0     14   0   0             @const914
0     32   0   0             @const915
0     12   0   0             @const916
0     12   0   0             @const917
0     42   0   0             @const918
0     14   0   0             @const919
0     32   0   0             @const920
0     12   0   0             @const921
0     14   0   0             @const922
0     14   0   0             @const923
0     32   0   0             @const924
0     12   0   0             @const925
0     14   0   0             @const926
0     14   0   0             @const927
0     12   0   0             @const928
0     14   0   0             @const929
0     14   0   0             @const930
0     14   0   0             @const931
0     14   0   0             @const932
0     30   0   0             @const933
0     14   0   0             @const934
0     14   0   0             @const935
0     10   0   0             @const936
0     10   0   0             @const937
0     10   0   0             @const938
0     10   0   0             @const939
0     16   0   0             @const940
0     20   0   0             @const941
0     20   0   0             @const942
0     16   0   0             @const943
0     70   0   0             @const944
0     10   0   0             @const945
0     70   0   0             @const946
0     16   0   0             @const947
0     12   0   0             @const948
0     12   0   0             @const949
0     12   0   0             @const950
0     16   0   0             @const951
0     12   0   0             @const952
0     16   0   0             @const953
0     12   0   0             @const954
0     12   0   0             @const955
0     16   0   0             @const956
0     12   0   0             @const957
0     12   0   0             @const958
0     16   0   0             @const959
0     12   0   0             @const960
0     16   0   0             @const961
0     12   0   0             @const962
0     12   0   0             @const963
0     12   0   0             @const964
0     16   0   0             @const965
0     16   0   0             @const966
0     12   0   0             @const967
0     12   0   0             @const968
0     12   0   0             @const969
0     12   0   0             @const970
0     20   0   0             @const971
0     18   0   0             @const972
0     20   0   0             @const973
0     16   0   0             @const974
0     16   0   0             @const975
0     18   0   0             @const976
0     16   0   0             @const977
0     70   0   0             @const978
0     18   0   0             @const979
0     14   0   0             @const980
0     14   0   0             @const981
0     18   0   0             @const982
0     14   0   0             @const983
0     20   0   0             @const984
0     20   0   0             @const985
0     70   0   0             @const986
0     26   0   0             @const987
0     30   0   0             @const988
0     32   0   0             @const989
0     32   0   0             @const990
0     34   0   0             @const991
0     36   0   0             @const992
0     36   0   0             @const993
0     40   0   0             @const994
0     26   0   0             @const995
0     34   0   0             @const996
0     16   0   0             @const997
0     16   0   0             @const998
0     12   0   0             @const999
0     12   0   0             @const1000
0     70   0   0             @const1001
0     14   0   0             @const1002
0     20   0   0             @const1003
0     20   0   0             @const1004
0     28   0   0             @const1005
0     16   0   0             @const1006
0     36   0   0             @const1007
0     16   0   0             @const1008
0     36   0   0             @const1009
0     16   0   0             @const1010
0     32   0   0             @const1011
0     16   0   0             @const1012
0     34   0   0             @const1013
0     16   0   0             @const1014
0     36   0   0             @const1015
0     16   0   0             @const1016
0     32   0   0             @const1017
0     16   0   0             @const1018
0     26   0   0             @const1019
0     16   0   0             @const1020
0     34   0   0             @const1021
0     16   0   0             @const1022
0     34   0   0             @const1023
0     16   0   0             @const1024
0     36   0   0             @const1025
0     16   0   0             @const1026
0     16   0   0             @const1027
0     54   0   0             @const1028

Program metrics:
    Functions               39
    Statements              3498
    Comments                1534
    Volume (V)              191414
    Difficilty (D)          202.7
    Effort to implement (E) 38807457
    Time to implement (T)   598 hours, 53 minutes
    Est Delivered Bugs (B)  38
    Cyclomatic Complexity   469
    Maintainability (MI)    37

 Segment     Used  Free
-----------  ----  ----
00000-00002     4  0  
00004-00006     0  4  
00008-0015A   340  0  
0015C-0FFFE  55926  9262  
10000-17FFE     0  32768  



