
ROM used: 18766 (57%)
          18768 (57%) including unused fragments

          4 Average locations per line
          11 Average locations per statement

RAM used: 234 (15%) at main() level
          278 (18%) worst case

Stack used: 7 worst case (out of 31 total available)

Lines Stmts  %   Files
----- ----- ---  -----
 1137  1110  64  CabinaCFLH.c
  457     0   0  C:\Program Files (x86)\PICC\Devices\18F4520.h
 2172   260  15  MATH.h
  172    74   4  LCD420.c
  293   279  16  Funciones.h
----- -----
 4231  1723 Total

Page ROM  %  RAM   Vol Diff  Functions:
---- --- --- ---   --- ----  ----------
0     38   0   1             @delay_ms1
0    866   2  20  1124 10.7  CEIL_FLOOR
0    166   0  10             @FLT
0     56   0   4             @SFTOI
0     54   0   2             @ITOF
0    380   1  14             @DIVFF
0    638   2  16             @ADDFF
0    284   1  11             @MULFF
0     22   0   4    43  2.1  floor
0     36   0   0             @const208
0     88   0   3   463  4.3  lcd_read_byte
0     40   0   1   134  2.2  lcd_send_nibble
0     70   0   3   317  4.3  lcd_send_byte
0     94   0   2   422  4.7  lcd_init
0     56   0   3   321  5.5  lcd_gotoxy
0     50   0   0             @goto10585
0    102   0   1   439  6.1  lcd_putc
0    184   0   3   846  2.9  mensajes
0     20   0   0             @const333
0     32   0   2             @PSTRINGC_230
0     20   0   0             @const335
0     20   0   0             @const336
0     20   0   0             @const337
0     20   0   0             @const338
0     20   0   0             @const339
0     20   0   0             @const340
0     86   0   5   100  2.1  sensores
0    610   2  21   730  8.2  Leer_Sensor_Presion
0      2   0   0     5  1.0  EliminaRuido
0     70   0   0   321  1.9  ConfigInterrupciones
0    104   0   1   318  1.8  MensajeBienvenida
0     22   0   0             @const353
0     22   0   0             @const354
0     22   0   0             @const355
0     22   0   0             @const356
0    890   2   4  1855  3.0  LeeEEPROM
0   1330   4   1  3108  4.9  LimitaValores
0     38   0   0   243  4.1  bajarVidrio
0     38   0   0   243  4.1  subirVidrio
0     12   0   0    50  1.5  detenerVidrio
0    428   1   1   718  5.3  cuentaTiempoTrabajoFiltro
0    120   0   0   738  4.3  ext0
0     50   0   0   284  4.6  temp0s
0    122   0   1   843  6.3  temp1s
0   8406  22   4 52129 14.0  MAIN
0     22   0   0             @const371
0     22   0   0             @const372
0     22   0   0             @const373
0     30   0   3             @PSTRINGCN_230
0     40   0   3             @DIV88
0    200   1   6             @PRINTF_D_230
0     20   0   0             @const384
0     20   0   0             @const385
0     20   0   0             @const386
0     20   0   0             @const387
0     20   0   0             @const390
0     20   0   0             @const391
0     20   0   0             @const392
0     22   0   0             @const394
0     22   0   0             @const397
0     22   0   0             @const398
0     18   0   0             @const399
0    102   0   2             @PRINTF_U_230
0     18   0   0             @const405
0     18   0   0             @const406
0     22   0   0             @const408
0     22   0   0             @const409
0     22   0   0             @const410
0     22   0   0             @const414
0     22   0   0             @const415
0     22   0   0             @const416
0     22   0   0             @const417
0     22   0   0             @const419
0     22   0   0             @const420
0     22   0   0             @const421
0     22   0   0             @const422
0     22   0   0             @const424
0     22   0   0             @const425
0     22   0   0             @const426
0     22   0   0             @const430
0     22   0   0             @const431
0     22   0   0             @const432
0     22   0   0             @const433
0     22   0   0             @const435
0     20   0   0             @const436
0    180   0   9             @PRINTF_LU_230
0     22   0   0             @const439
0     18   0   0             @const441
0     18   0   0             @const442
0     22   0   0             @const445
0     22   0   0             @const446
0     64   0   5             @FTOSD
0    178   0  13             @DIV3232
0    396   1  13             @PRINTF_L32D_230FPFPF
0     14   0   0             @const455
0     14   0   0             @const456
0     22   0   0             @const459
0     22   0   0             @const460
0     22   0   0             @const461
0     22   0   0             @const462
0     22   0   0             @const463
0     22   0   0             @const464
0     22   0   0             @const465
0     22   0   0             @const466
0     22   0   0             @const468
0     22   0   0             @const469
0     20   0   0             @const470
0     22   0   0             @const471
0     22   0   0             @const473
0     22   0   0             @const474
0     22   0   0             @const475
0     22   0   0             @const476
0     22   0   0             @const478
0     20   0   0             @const479
0     20   0   0             @const480
0     16   0   0             @const483
0      8   0   0             @const484
0     10   0   0             @const485
0     10   0   0             @const486
0      8   0   0             @const487
0      8   0   0             @const488
0      8   0   0             @const489
0      8   0   0             @const490
0     22   0   0             @const492
0     22   0   0             @const493
0     22   0   0             @const494
0     22   0   0   344  4.6  @const495

Program metrics:
    Functions               25
    Statements              1723
    Comments                603
    Volume (V)              82112
    Difficilty (D)          112.9
    Effort to implement (E) 9269237
    Time to implement (T)   143 hours, 3 minutes
    Est Delivered Bugs (B)  15
    Cyclomatic Complexity   232
    Maintainability (MI)    107

 Segment     Used  Free
-----------  ----  ----
00000-00002     4  0  
00004-00006     2  2  
00008-0013E   312  0  
00140-07FFE  18448  14000  



